build/app/intermediates/manifest_merge_blame_file/release/manifest-merger-blame-release-report.txt
1<?xml version="1.0" encoding="utf-8"?>
2<manifest xmlns:android="http://schemas.android.com/apk/res/android"
3    package="com.liamedwardsnz.trace"
4    android:versionCode="1"
5    android:versionName="1.0.0" >
6
7    <uses-sdk
8        android:minSdkVersion="16"
8-->src/main/AndroidManifest.xml
9        android:targetSdkVersion="28" />
9-->src/main/AndroidManifest.xml
10    <!-- Although the *SdkVersion is captured in gradle build files, this is required for non gradle builds -->
11    <!-- <uses-sdk android:minSdkVersion="14" /> -->
12    <uses-permission android:name="android.permission.ACCESS_NETWORK_STATE" />
12-->[com.google.firebase:firebase-firestore:21.3.0] AndroidManifest.xml:13:5-79
12-->[com.google.firebase:firebase-firestore:21.3.0] AndroidManifest.xml:13:22-76
13    <uses-permission android:name="android.permission.INTERNET" />
13-->[com.google.firebase:firebase-firestore:21.3.0] AndroidManifest.xml:14:5-67
13-->[com.google.firebase:firebase-firestore:21.3.0] AndroidManifest.xml:14:22-64
14    <!--
15 io.flutter.app.FlutterApplication is an android.app.Application that
16         calls FlutterMain.startInitialization(this); in its onCreate method.
17         In most cases you can leave this as-is, but you if you want to provide
18         additional functionality it is fine to subclass or reimplement
19         FlutterApplication and put your custom class here.
20    -->
21    <application
21-->src/main/AndroidManifest.xml:8:5-46:19
22        android:name="io.flutter.app.FlutterApplication"
22-->src/main/AndroidManifest.xml:9:9-57
23        android:appComponentFactory="androidx.core.app.CoreComponentFactory"
23-->[androidx.core:core:1.1.0] AndroidManifest.xml:24:18-86
24        android:icon="@mipmap/ic_launcher"
24-->src/main/AndroidManifest.xml:11:9-43
25        android:label="Trace" >
25-->src/main/AndroidManifest.xml:10:9-30
26        <activity
26-->src/main/AndroidManifest.xml:12:9-40:20
27            android:name="com.liamedwardsnz.trace.MainActivity"
27-->src/main/AndroidManifest.xml:13:13-41
28            android:configChanges="orientation|keyboardHidden|keyboard|screenSize|smallestScreenSize|locale|layoutDirection|fontScale|screenLayout|density|uiMode"
28-->src/main/AndroidManifest.xml:16:13-163
29            android:hardwareAccelerated="true"
29-->src/main/AndroidManifest.xml:17:13-47
30            android:launchMode="singleTop"
30-->src/main/AndroidManifest.xml:14:13-43
31            android:theme="@style/LaunchTheme"
31-->src/main/AndroidManifest.xml:15:13-47
32            android:windowSoftInputMode="adjustResize" >
32-->src/main/AndroidManifest.xml:18:13-55
33
34            <!--
35                 Specifies an Android theme to apply to this Activity as soon as
36                 the Android process has started. This theme is visible to the user
37                 while the Flutter UI initializes. After that, this theme continues
38                 to determine the Window background behind the Flutter UI.
39            -->
40            <meta-data
40-->src/main/AndroidManifest.xml:23:13-26:17
41                android:name="io.flutter.embedding.android.NormalTheme"
41-->src/main/AndroidManifest.xml:24:15-70
42                android:resource="@style/NormalTheme" />
42-->src/main/AndroidManifest.xml:25:15-52
43            <!--
44                 Displays an Android View that continues showing the launch screen
45                 Drawable until Flutter paints its first frame, then this splash
46                 screen fades out. A splash screen is useful to avoid any visual
47                 gap between the end of Android's launch screen and the painting of
48                 Flutter's first frame.
49            -->
50            <meta-data
50-->src/main/AndroidManifest.xml:32:13-35:17
51                android:name="io.flutter.embedding.android.SplashScreenDrawable"
51-->src/main/AndroidManifest.xml:33:15-79
52                android:resource="@drawable/launch_background" />
52-->src/main/AndroidManifest.xml:34:15-61
53
54            <intent-filter>
54-->src/main/AndroidManifest.xml:36:13-39:29
55                <action android:name="android.intent.action.MAIN" />
55-->src/main/AndroidManifest.xml:37:17-68
55-->src/main/AndroidManifest.xml:37:25-66
56
57                <category android:name="android.intent.category.LAUNCHER" />
57-->src/main/AndroidManifest.xml:38:17-76
57-->src/main/AndroidManifest.xml:38:27-74
58            </intent-filter>
59        </activity>
60        <!--
61             Don't delete the meta-data below.
62             This is used by the Flutter tool to generate GeneratedPluginRegistrant.java
63        -->
64        <meta-data
64-->src/main/AndroidManifest.xml:43:9-45:33
65            android:name="flutterEmbedding"
65-->src/main/AndroidManifest.xml:44:13-44
66            android:value="2" />
66-->src/main/AndroidManifest.xml:45:13-30
67
68        <activity
68-->[:url_launcher] AndroidManifest.xml:8:9-11:74
69            android:name="io.flutter.plugins.urllauncher.WebViewActivity"
69-->[:url_launcher] AndroidManifest.xml:9:13-74
70            android:exported="false"
70-->[:url_launcher] AndroidManifest.xml:10:13-37
71            android:theme="@android:style/Theme.NoTitleBar.Fullscreen" />
71-->[:url_launcher] AndroidManifest.xml:11:13-71
72
73        <service
73-->[:cloud_firestore] AndroidManifest.xml:8:9-12:19
74            android:name="com.google.firebase.components.ComponentDiscoveryService"
74-->[:cloud_firestore] AndroidManifest.xml:8:18-89
75            android:directBootAware="true"
75-->[com.google.firebase:firebase-common:19.3.0] AndroidManifest.xml:34:13-43
76            android:exported="false" >
76-->[com.google.firebase:firebase-firestore:21.3.0] AndroidManifest.xml:19:13-37
77            <meta-data
77-->[:cloud_firestore] AndroidManifest.xml:9:13-11:85
78                android:name="com.google.firebase.components:io.flutter.plugins.firebase.cloudfirestore.FlutterFirebaseAppRegistrar"
78-->[:cloud_firestore] AndroidManifest.xml:10:17-133
79                android:value="com.google.firebase.components.ComponentRegistrar" />
79-->[:cloud_firestore] AndroidManifest.xml:11:17-82
80            <meta-data
80-->[:firebase_auth] AndroidManifest.xml:9:13-11:85
81                android:name="com.google.firebase.components:io.flutter.plugins.firebaseauth.FlutterFirebaseAppRegistrar"
81-->[:firebase_auth] AndroidManifest.xml:10:17-122
82                android:value="com.google.firebase.components.ComponentRegistrar" />
82-->[:firebase_auth] AndroidManifest.xml:11:17-82
83            <meta-data
83-->[:firebase_core] AndroidManifest.xml:9:13-11:85
84                android:name="com.google.firebase.components:io.flutter.plugins.firebase.core.FlutterFirebaseAppRegistrar"
84-->[:firebase_core] AndroidManifest.xml:10:17-123
85                android:value="com.google.firebase.components.ComponentRegistrar" />
85-->[:firebase_core] AndroidManifest.xml:11:17-82
86            <meta-data
86-->[com.google.firebase:firebase-firestore:21.3.0] AndroidManifest.xml:20:13-22:85
87                android:name="com.google.firebase.components:com.google.firebase.firestore.FirestoreRegistrar"
87-->[com.google.firebase:firebase-firestore:21.3.0] AndroidManifest.xml:21:17-111
88                android:value="com.google.firebase.components.ComponentRegistrar" />
88-->[com.google.firebase:firebase-firestore:21.3.0] AndroidManifest.xml:22:17-82
89            <meta-data
89-->[com.google.firebase:firebase-auth:19.2.0] AndroidManifest.xml:36:13-38:85
90                android:name="com.google.firebase.components:com.google.firebase.auth.FirebaseAuthRegistrar"
90-->[com.google.firebase:firebase-auth:19.2.0] AndroidManifest.xml:37:17-109
91                android:value="com.google.firebase.components.ComponentRegistrar" />
91-->[com.google.firebase:firebase-auth:19.2.0] AndroidManifest.xml:38:17-82
92        </service>
93
94        <activity
94-->[com.google.firebase:firebase-auth:19.2.0] AndroidManifest.xml:24:9-31:50
95            android:name="com.google.firebase.auth.internal.FederatedSignInActivity"
95-->[com.google.firebase:firebase-auth:19.2.0] AndroidManifest.xml:25:13-85
96            android:excludeFromRecents="true"
96-->[com.google.firebase:firebase-auth:19.2.0] AndroidManifest.xml:26:13-46
97            android:exported="true"
97-->[com.google.firebase:firebase-auth:19.2.0] AndroidManifest.xml:27:13-36
98            android:launchMode="singleTask"
98-->[com.google.firebase:firebase-auth:19.2.0] AndroidManifest.xml:28:13-44
99            android:permission="com.google.firebase.auth.api.gms.permission.LAUNCH_FEDERATED_SIGN_IN"
99-->[com.google.firebase:firebase-auth:19.2.0] AndroidManifest.xml:29:13-102
100            android:theme="@android:style/Theme.Translucent.NoTitleBar" />
100-->[com.google.firebase:firebase-auth:19.2.0] AndroidManifest.xml:30:13-72
101
102        <provider
102-->[com.google.firebase:firebase-common:19.3.0] AndroidManifest.xml:26:9-30:39
103            android:name="com.google.firebase.provider.FirebaseInitProvider"
103-->[com.google.firebase:firebase-common:19.3.0] AndroidManifest.xml:27:13-77
104            android:authorities="com.liamedwardsnz.trace.firebaseinitprovider"
104-->[com.google.firebase:firebase-common:19.3.0] AndroidManifest.xml:28:13-72
105            android:exported="false"
105-->[com.google.firebase:firebase-common:19.3.0] AndroidManifest.xml:29:13-37
106            android:initOrder="100" />
106-->[com.google.firebase:firebase-common:19.3.0] AndroidManifest.xml:30:13-36
107
108        <activity
108-->[com.google.android.gms:play-services-base:17.1.0] AndroidManifest.xml:23:9-26:75
109            android:name="com.google.android.gms.common.api.GoogleApiActivity"
109-->[com.google.android.gms:play-services-base:17.1.0] AndroidManifest.xml:24:13-79
110            android:exported="false"
110-->[com.google.android.gms:play-services-base:17.1.0] AndroidManifest.xml:25:13-37
111            android:theme="@android:style/Theme.Translucent.NoTitleBar" />
111-->[com.google.android.gms:play-services-base:17.1.0] AndroidManifest.xml:26:13-72
112
113        <meta-data
113-->[com.google.android.gms:play-services-basement:17.0.0] AndroidManifest.xml:23:9-25:69
114            android:name="com.google.android.gms.version"
114-->[com.google.android.gms:play-services-basement:17.0.0] AndroidManifest.xml:24:13-58
115            android:value="@integer/google_play_services_version" />
115-->[com.google.android.gms:play-services-basement:17.0.0] AndroidManifest.xml:25:13-66
116    </application>
117
118</manifest>